  anttweakbar_wrapper.cpp
c:\users\tobi\documents\project\temp\door\projective-dynamics\fast_mass_spring\source\primitive.h(111): warning C4305: 'initializing' : truncation from 'double' to 'float'
  camera.cpp
c:\users\tobi\documents\project\temp\door\projective-dynamics\fast_mass_spring\source\primitive.h(111): warning C4305: 'initializing' : truncation from 'double' to 'float'
source\camera.cpp(52): warning C4305: '=' : truncation from 'double' to 'float'
source\camera.cpp(211): warning C4244: 'initializing' : conversion from 'double' to 'float', possible loss of data
source\camera.cpp(218): warning C4244: 'initializing' : conversion from 'double' to 'float', possible loss of data
  glsl_wrapper.cpp
c:\users\tobi\documents\project\temp\door\projective-dynamics\fast_mass_spring\source\primitive.h(111): warning C4305: 'initializing' : truncation from 'double' to 'float'
source\glsl_wrapper.cpp(182): warning C4996: 'fopen': This function or variable may be unsafe. Consider using fopen_s instead. To disable deprecation, use _CRT_SECURE_NO_WARNINGS. See online help for details.
          C:\Program Files (x86)\Microsoft Visual Studio 10.0\VC\include\stdio.h(234) : see declaration of 'fopen'
source\glsl_wrapper.cpp(191): warning C4267: '=' : conversion from 'size_t' to 'int', possible loss of data
  main.cpp
c:\users\tobi\documents\project\temp\door\projective-dynamics\fast_mass_spring\source\primitive.h(111): warning C4305: 'initializing' : truncation from 'double' to 'float'
source\main.cpp(552): error C2039: 'UpdateCuda' : is not a member of 'Simulation'
          c:\users\tobi\documents\project\temp\door\projective-dynamics\fast_mass_spring\source\simulation.h(70) : see declaration of 'Simulation'
  mesh.cpp
c:\users\tobi\documents\project\temp\door\projective-dynamics\fast_mass_spring\source\primitive.h(111): warning C4305: 'initializing' : truncation from 'double' to 'float'
source\mesh.cpp(126): warning C4244: 'argument' : conversion from 'int' to 'GLfloat', possible loss of data
source\mesh.cpp(279): warning C4244: 'argument' : conversion from 'ScalarType' to 'float', possible loss of data
source\mesh.cpp(295): warning C4996: 'sprintf': This function or variable may be unsafe. Consider using sprintf_s instead. To disable deprecation, use _CRT_SECURE_NO_WARNINGS. See online help for details.
          C:\Program Files (x86)\Microsoft Visual Studio 10.0\VC\include\stdio.h(371) : see declaration of 'sprintf'
source\mesh.cpp(387): warning C4996: 'sprintf': This function or variable may be unsafe. Consider using sprintf_s instead. To disable deprecation, use _CRT_SECURE_NO_WARNINGS. See online help for details.
          C:\Program Files (x86)\Microsoft Visual Studio 10.0\VC\include\stdio.h(371) : see declaration of 'sprintf'
source\mesh.cpp(640): warning C4244: 'argument' : conversion from 'ScalarType' to 'float', possible loss of data
source\mesh.cpp(657): warning C4996: 'sprintf': This function or variable may be unsafe. Consider using sprintf_s instead. To disable deprecation, use _CRT_SECURE_NO_WARNINGS. See online help for details.
          C:\Program Files (x86)\Microsoft Visual Studio 10.0\VC\include\stdio.h(371) : see declaration of 'sprintf'
  simulation.cpp
c:\users\tobi\documents\project\temp\door\projective-dynamics\fast_mass_spring\source\primitive.h(111): warning C4305: 'initializing' : truncation from 'double' to 'float'
source\simulation.cpp(154): warning C4018: '<' : signed/unsigned mismatch
source\simulation.cpp(365): warning C4267: 'argument' : conversion from 'size_t' to 'int', possible loss of data
source\simulation.cpp(383): warning C4018: '<' : signed/unsigned mismatch
source\simulation.cpp(394): warning C4244: 'initializing' : conversion from 'float' to 'int', possible loss of data
