Build started 6/12/2021 1:50:10 AM.
     1>Project "C:\Users\Tobi\Documents\Project\Temp\Door\Projective-Dynamics\fast_mass_spring\fast_mass_spring.vcxproj" on node 2 (build target(s)).
     1>InitializeBuildStatus:
         Creating "x64\Debug\fast_mass_spring.unsuccessfulbuild" because "AlwaysCreate" was specified.
       ClCompile:
         C:\Program Files (x86)\Microsoft Visual Studio 10.0\VC\bin\x86_amd64\CL.exe /c /I../external_dependencies/AntTweakBar/include /I../external_dependencies/Eigen /I../external_dependencies/freeglut/include /I../external_dependencies/glew/include /I../external_dependencies/glm /I../external_dependencies/TinyXML/include /Zi /nologo /W3 /WX- /Od /D _MBCS /Gm /EHsc /RTC1 /MDd /GS /fp:precise /Zc:wchar_t /Zc:forScope /openmp /Fo"x64\Debug\\" /Fd"x64\Debug\vc100.pdb" /Gd /TP /errorReport:prompt source\main.cpp
         main.cpp
     1>c:\users\tobi\documents\project\temp\door\projective-dynamics\fast_mass_spring\source\primitive.h(111): warning C4305: 'initializing' : truncation from 'double' to 'float'
         All outputs are up-to-date.
       Link:
         C:\Program Files (x86)\Microsoft Visual Studio 10.0\VC\bin\x86_amd64\link.exe /ERRORREPORT:PROMPT /OUT:"C:\Users\Tobi\Documents\Project\Temp\Door\Projective-Dynamics\x64\Debug\fast_mass_spring.exe" /NOLOGO /LIBPATH:../external_dependencies/AntTweakBar/lib /LIBPATH:../external_dependencies/glew/lib /LIBPATH:../external_dependencies/freeglut/lib/x64 /LIBPATH:../external_dependencies/TinyXML/lib tinyxmld_STL.lib glew32.lib glu32.lib opengl32.lib freeglut.lib AntTweakBar64.lib kernel32.lib user32.lib gdi32.lib winspool.lib comdlg32.lib advapi32.lib shell32.lib ole32.lib oleaut32.lib uuid.lib odbc32.lib odbccp32.lib /MANIFEST /ManifestFile:"x64\Debug\fast_mass_spring.exe.intermediate.manifest" /MANIFESTUAC:"level='asInvoker' uiAccess='false'" /DEBUG /PDB:"C:\Users\Tobi\Documents\Project\Temp\Door\Projective-Dynamics\x64\Debug\fast_mass_spring.pdb" /TLBID:1 /DYNAMICBASE /NXCOMPAT /IMPLIB:"C:\Users\Tobi\Documents\Project\Temp\Door\Projective-Dynamics\x64\Debug\fast_mass_spring.lib" /MACHINE:X64 x64\Debug\anttweakbar_wrapper.obj
         x64\Debug\camera.obj
         x64\Debug\constraint.obj
         x64\Debug\fps.obj
         x64\Debug\glsl_wrapper.obj
         x64\Debug\io_mesh.obj
         x64\Debug\main.obj
         x64\Debug\math_headers.obj
         x64\Debug\mesh.obj
         x64\Debug\primitive.obj
         x64\Debug\scene.obj
         x64\Debug\simpleTimer.obj
         x64\Debug\simulation.obj
         x64\Debug\stb_image.obj
         x64\Debug\stb_image_write.obj
         LINK : C:\Users\Tobi\Documents\Project\Temp\Door\Projective-Dynamics\x64\Debug\fast_mass_spring.exe not found or not built by the last incremental link; performing full link
     1>tinyxmld_STL.lib(tinyxml.obj) : warning LNK4099: PDB 'vc100.pdb' was not found with 'tinyxmld_STL.lib(tinyxml.obj)' or at 'C:\Users\Tobi\Documents\Project\Temp\Door\Projective-Dynamics\x64\Debug\vc100.pdb'; linking object as if no debug info
     1>tinyxmld_STL.lib(tinyxmlerror.obj) : warning LNK4099: PDB 'vc100.pdb' was not found with 'tinyxmld_STL.lib(tinyxmlerror.obj)' or at 'C:\Users\Tobi\Documents\Project\Temp\Door\Projective-Dynamics\x64\Debug\vc100.pdb'; linking object as if no debug info
     1>tinyxmld_STL.lib(tinyxmlparser.obj) : warning LNK4099: PDB 'vc100.pdb' was not found with 'tinyxmld_STL.lib(tinyxmlparser.obj)' or at 'C:\Users\Tobi\Documents\Project\Temp\Door\Projective-Dynamics\x64\Debug\vc100.pdb'; linking object as if no debug info
         fast_mass_spring.vcxproj -> C:\Users\Tobi\Documents\Project\Temp\Door\Projective-Dynamics\x64\Debug\fast_mass_spring.exe
       Manifest:
         C:\Program Files (x86)\Microsoft SDKs\Windows\v7.0A\bin\mt.exe /nologo /verbose /outputresource:"C:\Users\Tobi\Documents\Project\Temp\Door\Projective-Dynamics\x64\Debug\fast_mass_spring.exe;#1" /manifest x64\Debug\fast_mass_spring.exe.intermediate.manifest
       FinalizeBuildStatus:
         Deleting file "x64\Debug\fast_mass_spring.unsuccessfulbuild".
         Touching "x64\Debug\fast_mass_spring.lastbuildstate".
     1>Done Building Project "C:\Users\Tobi\Documents\Project\Temp\Door\Projective-Dynamics\fast_mass_spring\fast_mass_spring.vcxproj" (build target(s)).

Build succeeded.

Time Elapsed 00:00:02.45
